
 Case started  1/19/2026 at  0:51:57

&basic
                      case_id =       x01e36
                    mutn_rate =    0.100E+02
                frac_fav_mutn =    0.0001000
            reproductive_rate =    2.0000000
                     pop_size =         1000
            num_generations =            500
/

&mutations
         fitness_distrib_type =            1
             fraction_neutral =    0.0000000
                  genome_size =    0.300E+09
    high_impact_mutn_fraction =    0.0010000
   high_impact_mutn_threshold =    0.1000000
         num_initial_fav_mutn =            0
         max_fav_fitness_gain =    0.0100000
   uniform_fitness_effect_del =    0.0000000
   uniform_fitness_effect_fav =    0.0000000
           fraction_recessive =    0.0000000
  recessive_hetero_expression =    0.5000000
   dominant_hetero_expression =    0.5000000
     multiplicative_weighting =    0.0000000
        synergistic_epistasis = F
         se_nonlinked_scaling =  0.00000E+00
            se_linked_scaling =  0.00000E+00
             upload_mutations = F
              allow_back_mutn = F
        polygenic_beneficials = F
               polygenic_init = AAAAAA                                  
             polygenic_target = TCGTCG                                  
             polygenic_effect =    0.0010000
/

&selection
        fraction_random_death =    0.0000000
                 heritability =    0.2000000
            non_scaling_noise =    0.0500000
  fitness_dependent_fertility = F
             selection_scheme =            2
     partial_truncation_value =    0.5000000
/

&population
          recombination_model =            2
               clonal_haploid = F
  fraction_self_fertilization =    0.0000000
      num_contrasting_alleles =            0
  initial_alleles_mean_effect =    0.0000000
     initial_alleles_pop_frac =    1.0000000
      num_high_impact_alleles =            0
        high_impact_amplitude =    0.0000000
              dynamic_linkage = F
    haploid_chromosome_number =           23
         num_linkage_subunits =          989
             pop_growth_model =            0
              pop_growth_rate =    0.0000000
             pop_growth_rate2 =    0.0000000
            carrying_capacity =         1000
               bottleneck_yes = F
        bottleneck_generation =            0
          bottleneck_pop_size =            0
  num_bottleneck_generations  =            0
/

&substructure
                  is_parallel = F
            homogenous_tribes = T
          num_indiv_exchanged =            1
        migration_generations =           10
              migration_model =            1
           tribal_competition = F
            tc_scaling_factor =    0.0000000
           group_heritability =    0.0000000
                   altruistic = F
          social_bonus_factor =    1.0000000
               fission_tribes = F
                 fission_type =            0
            fission_threshold =            0
/

&computation
           tracking_threshold =    0.000E+00
         extinction_threshold =    0.0000000
       max_del_mutn_per_indiv =        10000
       max_neu_mutn_per_indiv =          100
       max_fav_mutn_per_indiv =          100
           random_number_seed =           42
               poisson_method =            0
                   reseed_rng = F
               track_neutrals = F
                   write_dump = F
                    write_vcf = F
                 restart_case = F
          restart_dump_number =            0
             plot_allele_gens =          100
                    verbosity =            1
  data_file_path = './'
/

&special_apps
/
  Properties of the Weibull fitness effect distribution function:

              e(x) = exp(-alpha*x**gamma), 0 < x < 1

  genome_size       =  3.00E+08
  e_high_impact     =  1.00E-01   defining value of *high impact* mutation
  frac_high_impact  =  1.00E-03   fraction *high impact* mutations of total

  mutation type:        deleterious  favorable 
  alpha             =     19.51929    14.91412   log(genome_size) for
                                                    deleterious case
  gamma             =     0.309416    0.270461

  mean   effect     =    -5.44E-04    6.99E-06
  median effect     =    -1.44E-07    4.27E-08   (x = 0.5)
   0th   percentile =    -3.33E-09    3.33E-09   (x = 1.0)
  10th   percentile =    -6.23E-09    5.07E-09   (x = 0.9)
  20th   percentile =    -1.23E-08    7.98E-09   (x = 0.8)
  30th   percentile =    -2.56E-08    1.31E-08   (x = 0.7)
  40th   percentile =    -5.78E-08    2.28E-08   (x = 0.6)
  50th   percentile =    -1.44E-07    4.27E-08   (x = 0.5)
  60th   percentile =    -4.13E-07    8.80E-08   (x = 0.4)
  70th   percentile =    -1.44E-06    2.10E-07   (x = 0.3)
  80th   percentile =    -7.05E-06    6.44E-07   (x = 0.2)
  90th   percentile =    -6.96E-05    3.35E-06   (x = 0.1)
  99th   percentile =    -9.14E-03    1.37E-04   (x = 0.01)
  99.9   percentile =    -1.00E-01    1.00E-03   (x = 0.001)
  99.99  percentile =    -3.23E-01    2.91E-03   (x = 0.0001)
  99.999 percentile =    -5.75E-01    5.15E-03   (x = 0.00001)

  Notes:
  (1) The e(x) values above are for a homozygous pair of mutations.
  (2) For favorables, e(x) also includes the factor max_fav_fitness_gain.

  Tracking threshold =    3.3333333870899651E-009
  Fraction deleterious mutations tracked =    1.00000000    
  Fraction favorable   mutations tracked =    1.00000000    
 Maximum  deleterious mutations tracked =    10000
 Maximum  beneficial  mutations tracked =      100
 Maximum  neutral     mutations tracked =      100

generation =         1  population size =  1000  frac recessive = 0.0000
before sel: geno fitness =  0.99721  geno s.d. = 0.01127  pheno s.d. = 0.05561
after  sel:                 0.99718              0.01168               0.05604
before sel geno-pheno corr = 0.2073    after sel geno-pheno corr  =    0.2415
del mutn/indiv =    10  tracked del/ind =    10  fav mutn/indiv   =    0.0010


generation =         2  population size =  1000  frac recessive = 0.0000
before sel: geno fitness =  0.99472  geno s.d. = 0.01641  pheno s.d. = 0.06245
after  sel:                 0.99480              0.01710               0.06325
before sel geno-pheno corr = 0.3066    after sel geno-pheno corr  =    0.3113
del mutn/indiv =    20  tracked del/ind =    20  fav mutn/indiv   =    0.0010


generation =         3  population size =  1000  frac recessive = 0.0000
before sel: geno fitness =  0.99210  geno s.d. = 0.02055  pheno s.d. = 0.06955
after  sel:                 0.99283              0.01640               0.06642
before sel geno-pheno corr = 0.3209    after sel geno-pheno corr  =    0.2637
del mutn/indiv =    29  tracked del/ind =    29  fav mutn/indiv   =    0.0030


generation =         4  population size =  1000  frac recessive = 0.0000
before sel: geno fitness =  0.98962  geno s.d. = 0.02011  pheno s.d. = 0.06801
after  sel:                 0.98960              0.01974               0.06903
before sel geno-pheno corr = 0.3071    after sel geno-pheno corr  =    0.3136
del mutn/indiv =    40  tracked del/ind =    40  fav mutn/indiv   =    0.0060


generation =         5  population size =  1000  frac recessive = 0.0000
before sel: geno fitness =  0.98614  geno s.d. = 0.02422  pheno s.d. = 0.07380
after  sel:                 0.98672              0.02304               0.07322
before sel geno-pheno corr = 0.3279    after sel geno-pheno corr  =    0.3261
del mutn/indiv =    50  tracked del/ind =    50  fav mutn/indiv   =    0.0060


generation =         6  population size =  1000  frac recessive = 0.0000
before sel: geno fitness =  0.98410  geno s.d. = 0.02690  pheno s.d. = 0.07666
after  sel:                 0.98493              0.02591               0.07618
before sel geno-pheno corr = 0.3415    after sel geno-pheno corr  =    0.3297
del mutn/indiv =    60  tracked del/ind =    60  fav mutn/indiv   =    0.0090


generation =         7  population size =  1000  frac recessive = 0.0000
before sel: geno fitness =  0.98233  geno s.d. = 0.02699  pheno s.d. = 0.07936
after  sel:                 0.98284              0.02648               0.07617
before sel geno-pheno corr = 0.3572    after sel geno-pheno corr  =    0.3286
del mutn/indiv =    70  tracked del/ind =    70  fav mutn/indiv   =    0.0060


generation =         8  population size =  1000  frac recessive = 0.0000
before sel: geno fitness =  0.98039  geno s.d. = 0.02972  pheno s.d. = 0.08487
after  sel:                 0.98153              0.02694               0.08488
before sel geno-pheno corr = 0.3494    after sel geno-pheno corr  =    0.3247
del mutn/indiv =    79  tracked del/ind =    79  fav mutn/indiv   =    0.0050


generation =         9  population size =  1000  frac recessive = 0.0000
before sel: geno fitness =  0.97953  geno s.d. = 0.02752  pheno s.d. = 0.07867
after  sel:                 0.97978              0.02568               0.07703
before sel geno-pheno corr = 0.3748    after sel geno-pheno corr  =    0.3687
del mutn/indiv =    89  tracked del/ind =    89  fav mutn/indiv   =    0.0080


generation =        10  population size =  1000  frac recessive = 0.0000
before sel: geno fitness =  0.97612  geno s.d. = 0.03021  pheno s.d. = 0.08314
after  sel:                 0.97733              0.02844               0.08165
before sel geno-pheno corr = 0.4026    after sel geno-pheno corr  =    0.3523
del mutn/indiv =    99  tracked del/ind =    99  fav mutn/indiv   =    0.0100


generation =        20  population size =  1000  frac recessive = 0.0000
before sel: geno fitness =  0.96372  geno s.d. = 0.03646  pheno s.d. = 0.09545
after  sel:                 0.96665              0.03285               0.09355
before sel geno-pheno corr = 0.3668    after sel geno-pheno corr  =    0.3534
del mutn/indiv =   197  tracked del/ind =   197  fav mutn/indiv   =    0.0450

              Fraction of mutations retained versus fitness effect
 effect:  4.E-01  5.E-02  8.E-03  1.E-03  2.E-04  2.E-05  3.E-06  4.E-07  6.E-08  9.E-09
 domint: 0.1902 0.5423 0.9701 0.9981 0.9913 0.9847 0.9759 0.9816 0.9817 0.9912
deleterious selection threshold   = 9.678E-02
deleterious fraction unselectable = 0.999

generation =        30  population size =  1000  frac recessive = 0.0000
before sel: geno fitness =  0.95620  geno s.d. = 0.03180  pheno s.d. = 0.08613
after  sel:                 0.95543              0.03274               0.08695
before sel geno-pheno corr = 0.3673    after sel geno-pheno corr  =    0.4050
del mutn/indiv =   295  tracked del/ind =   295  fav mutn/indiv   =    0.0410


generation =        40  population size =  1000  frac recessive = 0.0000
before sel: geno fitness =  0.93800  geno s.d. = 0.03874  pheno s.d. = 0.09944
after  sel:                 0.94058              0.03673               0.09762
before sel geno-pheno corr = 0.4015    after sel geno-pheno corr  =    0.3802
del mutn/indiv =   397  tracked del/ind =   397  fav mutn/indiv   =    0.0530

              Fraction of mutations retained versus fitness effect
 effect:  4.E-01  5.E-02  8.E-03  1.E-03  2.E-04  2.E-05  3.E-06  4.E-07  6.E-08  9.E-09
 domint: 0.1182 0.5232 0.9536 0.9328 1.0260 0.9812 0.9867 1.0087 0.9990 1.0001
deleterious selection threshold   = 6.063E-02
deleterious fraction unselectable = 0.998

generation =        50  population size =  1000  frac recessive = 0.0000
before sel: geno fitness =  0.93149  geno s.d. = 0.03816  pheno s.d. = 0.09760
after  sel:                 0.93300              0.03726               0.09385
before sel geno-pheno corr = 0.3814    after sel geno-pheno corr  =    0.3875
del mutn/indiv =   497  tracked del/ind =   497  fav mutn/indiv   =    0.0990


generation =        60  population size =  1000  frac recessive = 0.0000
before sel: geno fitness =  0.92445  geno s.d. = 0.03944  pheno s.d. = 0.10236
after  sel:                 0.92494              0.03977               0.09920
before sel geno-pheno corr = 0.4036    after sel geno-pheno corr  =    0.3918
del mutn/indiv =   596  tracked del/ind =   596  fav mutn/indiv   =    0.1760

              Fraction of mutations retained versus fitness effect
 effect:  4.E-01  5.E-02  8.E-03  1.E-03  2.E-04  2.E-05  3.E-06  4.E-07  6.E-08  9.E-09
 domint: 0.0802 0.3878 0.8841 0.9654 1.0361 0.9846 0.9823 1.0105 1.0118 0.9971
deleterious selection threshold   = 3.256E-02
deleterious fraction unselectable = 0.996

generation =        70  population size =  1000  frac recessive = 0.0000
before sel: geno fitness =  0.91181  geno s.d. = 0.04355  pheno s.d. = 0.10743
after  sel:                 0.91464              0.03959               0.10368
before sel geno-pheno corr = 0.4148    after sel geno-pheno corr  =    0.3812
del mutn/indiv =   691  tracked del/ind =   691  fav mutn/indiv   =    0.1160


generation =        80  population size =  1000  frac recessive = 0.0000
before sel: geno fitness =  0.90257  geno s.d. = 0.04466  pheno s.d. = 0.11042
after  sel:                 0.90565              0.04441               0.10826
before sel geno-pheno corr = 0.3974    after sel geno-pheno corr  =    0.3755
del mutn/indiv =   793  tracked del/ind =   793  fav mutn/indiv   =    0.1680

              Fraction of mutations retained versus fitness effect
 effect:  4.E-01  5.E-02  8.E-03  1.E-03  2.E-04  2.E-05  3.E-06  4.E-07  6.E-08  9.E-09
 domint: 0.0797 0.3705 0.8620 0.9632 1.0339 0.9789 0.9738 1.0135 1.0201 0.9957
deleterious selection threshold   = 3.054E-02
deleterious fraction unselectable = 0.996

generation =        90  population size =  1000  frac recessive = 0.0000
before sel: geno fitness =  0.89359  geno s.d. = 0.04742  pheno s.d. = 0.11768
after  sel:                 0.89607              0.04345               0.11505
before sel geno-pheno corr = 0.3935    after sel geno-pheno corr  =    0.3772
del mutn/indiv =   891  tracked del/ind =   891  fav mutn/indiv   =    0.1710


generation =       100  population size =  1000  frac recessive = 0.0000
before sel: geno fitness =  0.88617  geno s.d. = 0.04785  pheno s.d. = 0.11667
after  sel:                 0.88836              0.04774               0.11788
before sel geno-pheno corr = 0.3957    after sel geno-pheno corr  =    0.3689
del mutn/indiv =   988  tracked del/ind =   988  fav mutn/indiv   =    0.1390

              Fraction of mutations retained versus fitness effect
 effect:  4.E-01  5.E-02  8.E-03  1.E-03  2.E-04  2.E-05  3.E-06  4.E-07  6.E-08  9.E-09
 domint: 0.0617 0.3225 0.8523 0.9670 1.0121 0.9882 0.9654 1.0108 1.0085 0.9948
deleterious selection threshold   = 2.610E-02
deleterious fraction unselectable = 0.996

            Allele summary statistics (tracked mutations only):
    (Statistics are based on       988020 tracked deleterious mutations
                                      139 tracked   favorable mutations
                         and            0 tracked     neutral mutations.)
     Very rare   Polymorphic     Fixed      Total
       (0-1%)      (1-99%)      (100%)
        79213       14086           0       93299 deleterious
            5           3           0           8 favorable
            0           0           0           0 neutral

generation =       110  population size =  1000  frac recessive = 0.0000
before sel: geno fitness =  0.89187  geno s.d. = 0.03977  pheno s.d. = 0.10175
after  sel:                 0.89261              0.03924               0.10116
before sel geno-pheno corr = 0.3997    after sel geno-pheno corr  =    0.3722
del mutn/indiv =  1088  tracked del/ind =  1088  fav mutn/indiv   =    0.1430


generation =       120  population size =  1000  frac recessive = 0.0000
before sel: geno fitness =  0.88332  geno s.d. = 0.04070  pheno s.d. = 0.10259
after  sel:                 0.88499              0.03900               0.10139
before sel geno-pheno corr = 0.3744    after sel geno-pheno corr  =    0.3584
del mutn/indiv =  1188  tracked del/ind =  1188  fav mutn/indiv   =    0.1720

              Fraction of mutations retained versus fitness effect
 effect:  4.E-01  5.E-02  8.E-03  1.E-03  2.E-04  2.E-05  3.E-06  4.E-07  6.E-08  9.E-09
 domint: 0.0513 0.2434 0.7826 0.9818 1.0091 1.0368 0.9734 1.0129 1.0017 0.9941
deleterious selection threshold   = 1.305E-02
deleterious fraction unselectable = 0.992

generation =       130  population size =  1000  frac recessive = 0.0000
before sel: geno fitness =  0.87795  geno s.d. = 0.03849  pheno s.d. = 0.09865
after  sel:                 0.87965              0.03488               0.09796
before sel geno-pheno corr = 0.3690    after sel geno-pheno corr  =    0.3422
del mutn/indiv =  1293  tracked del/ind =  1293  fav mutn/indiv   =    0.2100


generation =       140  population size =  1000  frac recessive = 0.0000
before sel: geno fitness =  0.87102  geno s.d. = 0.04420  pheno s.d. = 0.11189
after  sel:                 0.87447              0.04055               0.10621
before sel geno-pheno corr = 0.4051    after sel geno-pheno corr  =    0.3290
del mutn/indiv =  1392  tracked del/ind =  1392  fav mutn/indiv   =    0.2220

              Fraction of mutations retained versus fitness effect
 effect:  4.E-01  5.E-02  8.E-03  1.E-03  2.E-04  2.E-05  3.E-06  4.E-07  6.E-08  9.E-09
 domint: 0.0341 0.2183 0.7205 0.9662 0.9959 1.0213 0.9842 1.0145 1.0156 1.0060
deleterious selection threshold   = 1.824E-02
deleterious fraction unselectable = 0.994

generation =       150  population size =  1000  frac recessive = 0.0000
before sel: geno fitness =  0.86865  geno s.d. = 0.03832  pheno s.d. = 0.09883
after  sel:                 0.87031              0.03553               0.09578
before sel geno-pheno corr = 0.4071    after sel geno-pheno corr  =    0.3672
del mutn/indiv =  1492  tracked del/ind =  1492  fav mutn/indiv   =    0.2380


generation =       160  population size =  1000  frac recessive = 0.0000
before sel: geno fitness =  0.86013  geno s.d. = 0.03832  pheno s.d. = 0.09563
after  sel:                 0.86119              0.03693               0.09568
before sel geno-pheno corr = 0.3580    after sel geno-pheno corr  =    0.3569
del mutn/indiv =  1585  tracked del/ind =  1585  fav mutn/indiv   =    0.2400

              Fraction of mutations retained versus fitness effect
 effect:  4.E-01  5.E-02  8.E-03  1.E-03  2.E-04  2.E-05  3.E-06  4.E-07  6.E-08  9.E-09
 domint: 0.0123 0.2118 0.7286 0.9587 0.9894 1.0391 0.9909 1.0077 1.0002 1.0011
deleterious selection threshold   = 1.742E-02
deleterious fraction unselectable = 0.994

generation =       170  population size =  1000  frac recessive = 0.0000
before sel: geno fitness =  0.85364  geno s.d. = 0.03873  pheno s.d. = 0.09801
after  sel:                 0.85379              0.03799               0.09557
before sel geno-pheno corr = 0.3885    after sel geno-pheno corr  =    0.3849
del mutn/indiv =  1689  tracked del/ind =  1689  fav mutn/indiv   =    0.3150


generation =       180  population size =  1000  frac recessive = 0.0000
before sel: geno fitness =  0.84559  geno s.d. = 0.04279  pheno s.d. = 0.10662
after  sel:                 0.84931              0.03838               0.10598
before sel geno-pheno corr = 0.4039    after sel geno-pheno corr  =    0.3440
del mutn/indiv =  1789  tracked del/ind =  1789  fav mutn/indiv   =    0.2820

              Fraction of mutations retained versus fitness effect
 effect:  4.E-01  5.E-02  8.E-03  1.E-03  2.E-04  2.E-05  3.E-06  4.E-07  6.E-08  9.E-09
 domint: 0.0156 0.2073 0.6743 0.9619 0.9910 1.0334 0.9980 1.0216 1.0057 0.9964
deleterious selection threshold   = 1.531E-02
deleterious fraction unselectable = 0.993

generation =       190  population size =  1000  frac recessive = 0.0000
before sel: geno fitness =  0.84337  geno s.d. = 0.04240  pheno s.d. = 0.10453
after  sel:                 0.84567              0.04062               0.10311
before sel geno-pheno corr = 0.4252    after sel geno-pheno corr  =    0.4209
del mutn/indiv =  1887  tracked del/ind =  1887  fav mutn/indiv   =    0.2940


generation =       200  population size =  1000  frac recessive = 0.0000
before sel: geno fitness =  0.83848  geno s.d. = 0.04022  pheno s.d. = 0.10402
after  sel:                 0.84056              0.03700               0.10193
before sel geno-pheno corr = 0.3999    after sel geno-pheno corr  =    0.3363
del mutn/indiv =  1984  tracked del/ind =  1984  fav mutn/indiv   =    0.3030

              Fraction of mutations retained versus fitness effect
 effect:  4.E-01  5.E-02  8.E-03  1.E-03  2.E-04  2.E-05  3.E-06  4.E-07  6.E-08  9.E-09
 domint: 0.0108 0.1952 0.6429 0.9569 0.9868 1.0306 1.0002 1.0270 1.0083 0.9884
deleterious selection threshold   = 1.307E-02
deleterious fraction unselectable = 0.992

            Allele summary statistics (tracked mutations only):
    (Statistics are based on      1984882 tracked deleterious mutations
                                      303 tracked   favorable mutations
                         and            0 tracked     neutral mutations.)
     Very rare   Polymorphic     Fixed      Total
       (0-1%)      (1-99%)      (100%)
        84068       22732           0      106800 deleterious
           18           2           0          20 favorable
            0           0           0           0 neutral

generation =       210  population size =  1000  frac recessive = 0.0000
before sel: geno fitness =  0.83057  geno s.d. = 0.04295  pheno s.d. = 0.10787
after  sel:                 0.83357              0.03941               0.10621
before sel geno-pheno corr = 0.4183    after sel geno-pheno corr  =    0.4085
del mutn/indiv =  2081  tracked del/ind =  2081  fav mutn/indiv   =    0.3240


generation =       220  population size =  1000  frac recessive = 0.0000
before sel: geno fitness =  0.82103  geno s.d. = 0.04404  pheno s.d. = 0.11075
after  sel:                 0.82320              0.04115               0.10789
before sel geno-pheno corr = 0.3998    after sel geno-pheno corr  =    0.3790
del mutn/indiv =  2181  tracked del/ind =  2181  fav mutn/indiv   =    0.3080

              Fraction of mutations retained versus fitness effect
 effect:  4.E-01  5.E-02  8.E-03  1.E-03  2.E-04  2.E-05  3.E-06  4.E-07  6.E-08  9.E-09
 domint: 0.0127 0.1956 0.6571 0.9655 0.9942 1.0109 1.0007 1.0332 1.0156 0.9831
deleterious selection threshold   = 1.341E-02
deleterious fraction unselectable = 0.992

generation =       230  population size =  1000  frac recessive = 0.0000
before sel: geno fitness =  0.81642  geno s.d. = 0.04698  pheno s.d. = 0.11591
after  sel:                 0.82028              0.04316               0.11208
before sel geno-pheno corr = 0.4338    after sel geno-pheno corr  =    0.3777
del mutn/indiv =  2284  tracked del/ind =  2284  fav mutn/indiv   =    0.4650


generation =       240  population size =  1000  frac recessive = 0.0000
before sel: geno fitness =  0.81134  geno s.d. = 0.04407  pheno s.d. = 0.10987
after  sel:                 0.81468              0.04240               0.10862
before sel geno-pheno corr = 0.3906    after sel geno-pheno corr  =    0.3826
del mutn/indiv =  2384  tracked del/ind =  2384  fav mutn/indiv   =    0.5060

              Fraction of mutations retained versus fitness effect
 effect:  4.E-01  5.E-02  8.E-03  1.E-03  2.E-04  2.E-05  3.E-06  4.E-07  6.E-08  9.E-09
 domint: 0.0182 0.1728 0.6362 0.9734 1.0312 0.9997 0.9843 1.0421 1.0217 0.9787
deleterious selection threshold   = 1.242E-02
deleterious fraction unselectable = 0.992

generation =       250  population size =  1000  frac recessive = 0.0000
before sel: geno fitness =  0.80982  geno s.d. = 0.04300  pheno s.d. = 0.10681
after  sel:                 0.81132              0.04281               0.10737
before sel geno-pheno corr = 0.4094    after sel geno-pheno corr  =    0.4048
del mutn/indiv =  2478  tracked del/ind =  2478  fav mutn/indiv   =    0.5840


generation =       260  population size =  1000  frac recessive = 0.0000
before sel: geno fitness =  0.80490  geno s.d. = 0.04529  pheno s.d. = 0.11387
after  sel:                 0.80563              0.04482               0.11151
before sel geno-pheno corr = 0.3834    after sel geno-pheno corr  =    0.3877
del mutn/indiv =  2577  tracked del/ind =  2577  fav mutn/indiv   =    0.5670

              Fraction of mutations retained versus fitness effect
 effect:  4.E-01  5.E-02  8.E-03  1.E-03  2.E-04  2.E-05  3.E-06  4.E-07  6.E-08  9.E-09
 domint: 0.0172 0.1520 0.6282 0.9742 1.0573 1.0007 0.9862 1.0265 1.0195 0.9729
deleterious selection threshold   = 1.172E-02
deleterious fraction unselectable = 0.992

generation =       270  population size =  1000  frac recessive = 0.0000
before sel: geno fitness =  0.80600  geno s.d. = 0.03915  pheno s.d. = 0.09832
after  sel:                 0.80791              0.03656               0.09605
before sel geno-pheno corr = 0.3930    after sel geno-pheno corr  =    0.3680
del mutn/indiv =  2673  tracked del/ind =  2673  fav mutn/indiv   =    0.6510


generation =       280  population size =  1000  frac recessive = 0.0000
before sel: geno fitness =  0.79937  geno s.d. = 0.04253  pheno s.d. = 0.10786
after  sel:                 0.80107              0.04206               0.10640
before sel geno-pheno corr = 0.4294    after sel geno-pheno corr  =    0.4335
del mutn/indiv =  2777  tracked del/ind =  2777  fav mutn/indiv   =    0.6800

              Fraction of mutations retained versus fitness effect
 effect:  4.E-01  5.E-02  8.E-03  1.E-03  2.E-04  2.E-05  3.E-06  4.E-07  6.E-08  9.E-09
 domint: 0.0186 0.1332 0.5937 0.9743 1.0819 0.9978 0.9810 1.0234 1.0175 0.9672
deleterious selection threshold   = 1.035E-02
deleterious fraction unselectable = 0.991

generation =       290  population size =  1000  frac recessive = 0.0000
before sel: geno fitness =  0.79258  geno s.d. = 0.03981  pheno s.d. = 0.10117
after  sel:                 0.79467              0.03746               0.10033
before sel geno-pheno corr = 0.4010    after sel geno-pheno corr  =    0.3793
del mutn/indiv =  2876  tracked del/ind =  2876  fav mutn/indiv   =    0.6880


generation =       300  population size =  1000  frac recessive = 0.0000
before sel: geno fitness =  0.78637  geno s.d. = 0.04360  pheno s.d. = 0.10987
after  sel:                 0.78855              0.04132               0.10580
before sel geno-pheno corr = 0.3950    after sel geno-pheno corr  =    0.4047
del mutn/indiv =  2977  tracked del/ind =  2977  fav mutn/indiv   =    0.8060

              Fraction of mutations retained versus fitness effect
 effect:  4.E-01  5.E-02  8.E-03  1.E-03  2.E-04  2.E-05  3.E-06  4.E-07  6.E-08  9.E-09
 domint: 0.0132 0.1301 0.5941 0.9680 1.0925 1.0007 0.9811 1.0160 1.0212 0.9648
deleterious selection threshold   = 1.045E-02
deleterious fraction unselectable = 0.991

            Allele summary statistics (tracked mutations only):
    (Statistics are based on      2977659 tracked deleterious mutations
                                      806 tracked   favorable mutations
                         and            0 tracked     neutral mutations.)
     Very rare   Polymorphic     Fixed      Total
       (0-1%)      (1-99%)      (100%)
        81732       20495           0      102227 deleterious
           13           3           0          16 favorable
            0           0           0           0 neutral

generation =       310  population size =  1000  frac recessive = 0.0000
before sel: geno fitness =  0.78000  geno s.d. = 0.04025  pheno s.d. = 0.10208
after  sel:                 0.78288              0.03798               0.10175
before sel geno-pheno corr = 0.3994    after sel geno-pheno corr  =    0.3932
del mutn/indiv =  3069  tracked del/ind =  3069  fav mutn/indiv   =    0.9350


generation =       320  population size =  1000  frac recessive = 0.0000
before sel: geno fitness =  0.77726  geno s.d. = 0.04151  pheno s.d. = 0.10384
after  sel:                 0.77945              0.04014               0.10193
before sel geno-pheno corr = 0.3796    after sel geno-pheno corr  =    0.3681
del mutn/indiv =  3169  tracked del/ind =  3169  fav mutn/indiv   =    1.0090

              Fraction of mutations retained versus fitness effect
 effect:  4.E-01  5.E-02  8.E-03  1.E-03  2.E-04  2.E-05  3.E-06  4.E-07  6.E-08  9.E-09
 domint: 0.0113 0.1281 0.5765 0.9661 1.1038 1.0160 0.9827 1.0128 1.0128 0.9649
deleterious selection threshold   = 1.005E-02
deleterious fraction unselectable = 0.991

generation =       330  population size =  1000  frac recessive = 0.0000
before sel: geno fitness =  0.76954  geno s.d. = 0.04093  pheno s.d. = 0.10412
after  sel:                 0.77105              0.03952               0.10074
before sel geno-pheno corr = 0.3578    after sel geno-pheno corr  =    0.3598
del mutn/indiv =  3268  tracked del/ind =  3268  fav mutn/indiv   =    1.1220


generation =       340  population size =  1000  frac recessive = 0.0000
before sel: geno fitness =  0.76400  geno s.d. = 0.04077  pheno s.d. = 0.10369
after  sel:                 0.76436              0.04160               0.10451
before sel geno-pheno corr = 0.3957    after sel geno-pheno corr  =    0.4357
del mutn/indiv =  3373  tracked del/ind =  3373  fav mutn/indiv   =    1.1920

              Fraction of mutations retained versus fitness effect
 effect:  4.E-01  5.E-02  8.E-03  1.E-03  2.E-04  2.E-05  3.E-06  4.E-07  6.E-08  9.E-09
 domint: 0.0099 0.1254 0.5741 0.9598 1.1061 1.0171 0.9853 1.0172 1.0168 0.9654
deleterious selection threshold   = 9.993E-03
deleterious fraction unselectable = 0.991

generation =       350  population size =  1000  frac recessive = 0.0000
before sel: geno fitness =  0.76062  geno s.d. = 0.04074  pheno s.d. = 0.10041
after  sel:                 0.76225              0.03975               0.10252
before sel geno-pheno corr = 0.4009    after sel geno-pheno corr  =    0.3847
del mutn/indiv =  3473  tracked del/ind =  3473  fav mutn/indiv   =    1.3520


generation =       360  population size =  1000  frac recessive = 0.0000
before sel: geno fitness =  0.75697  geno s.d. = 0.04471  pheno s.d. = 0.11268
after  sel:                 0.76050              0.04188               0.10898
before sel geno-pheno corr = 0.4231    after sel geno-pheno corr  =    0.4132
del mutn/indiv =  3575  tracked del/ind =  3575  fav mutn/indiv   =    1.4560

              Fraction of mutations retained versus fitness effect
 effect:  4.E-01  5.E-02  8.E-03  1.E-03  2.E-04  2.E-05  3.E-06  4.E-07  6.E-08  9.E-09
 domint: 0.0135 0.1198 0.5410 0.9499 1.0999 1.0216 0.9836 1.0223 1.0212 0.9645
deleterious selection threshold   = 8.995E-03
deleterious fraction unselectable = 0.990

generation =       370  population size =  1000  frac recessive = 0.0000
before sel: geno fitness =  0.75579  geno s.d. = 0.04500  pheno s.d. = 0.11186
after  sel:                 0.75674              0.04371               0.11307
before sel geno-pheno corr = 0.3930    after sel geno-pheno corr  =    0.4002
del mutn/indiv =  3682  tracked del/ind =  3682  fav mutn/indiv   =    1.5580


generation =       380  population size =  1000  frac recessive = 0.0000
before sel: geno fitness =  0.76032  geno s.d. = 0.04205  pheno s.d. = 0.10412
after  sel:                 0.76220              0.03887               0.10109
before sel geno-pheno corr = 0.3972    after sel geno-pheno corr  =    0.3559
del mutn/indiv =  3782  tracked del/ind =  3782  fav mutn/indiv   =    1.5830

              Fraction of mutations retained versus fitness effect
 effect:  4.E-01  5.E-02  8.E-03  1.E-03  2.E-04  2.E-05  3.E-06  4.E-07  6.E-08  9.E-09
 domint: 0.0076 0.0948 0.5177 0.9416 1.1190 1.0129 0.9845 1.0270 1.0288 0.9696
deleterious selection threshold   = 8.342E-03
deleterious fraction unselectable = 0.989

generation =       390  population size =  1000  frac recessive = 0.0000
before sel: geno fitness =  0.75869  geno s.d. = 0.03717  pheno s.d. = 0.09837
after  sel:                 0.75982              0.03619               0.09824
before sel geno-pheno corr = 0.3828    after sel geno-pheno corr  =    0.3913
del mutn/indiv =  3885  tracked del/ind =  3885  fav mutn/indiv   =    1.6810


generation =       400  population size =  1000  frac recessive = 0.0000
before sel: geno fitness =  0.75367  geno s.d. = 0.03856  pheno s.d. = 0.10098
after  sel:                 0.75552              0.03676               0.09856
before sel geno-pheno corr = 0.4202    after sel geno-pheno corr  =    0.4169
del mutn/indiv =  3985  tracked del/ind =  3985  fav mutn/indiv   =    1.6420

              Fraction of mutations retained versus fitness effect
 effect:  4.E-01  5.E-02  8.E-03  1.E-03  2.E-04  2.E-05  3.E-06  4.E-07  6.E-08  9.E-09
 domint: 0.0103 0.0813 0.5106 0.9344 1.1331 0.9972 0.9832 1.0391 1.0270 0.9744
deleterious selection threshold   = 8.171E-03
deleterious fraction unselectable = 0.989

            Allele summary statistics (tracked mutations only):
    (Statistics are based on      3985691 tracked deleterious mutations
                                     1642 tracked   favorable mutations
                         and            0 tracked     neutral mutations.)
     Very rare   Polymorphic     Fixed      Total
       (0-1%)      (1-99%)      (100%)
        81050       22181           0      103231 deleterious
            8           5           0          13 favorable
            0           0           0           0 neutral

generation =       410  population size =  1000  frac recessive = 0.0000
before sel: geno fitness =  0.74647  geno s.d. = 0.03876  pheno s.d. = 0.09835
after  sel:                 0.74787              0.03744               0.10013
before sel geno-pheno corr = 0.3850    after sel geno-pheno corr  =    0.3938
del mutn/indiv =  4090  tracked del/ind =  4090  fav mutn/indiv   =    1.6610


generation =       420  population size =  1000  frac recessive = 0.0000
before sel: geno fitness =  0.73873  geno s.d. = 0.04070  pheno s.d. = 0.10289
after  sel:                 0.74117              0.03735               0.09995
before sel geno-pheno corr = 0.3995    after sel geno-pheno corr  =    0.3927
del mutn/indiv =  4189  tracked del/ind =  4189  fav mutn/indiv   =    1.7520

              Fraction of mutations retained versus fitness effect
 effect:  4.E-01  5.E-02  8.E-03  1.E-03  2.E-04  2.E-05  3.E-06  4.E-07  6.E-08  9.E-09
 domint: 0.0095 0.0832 0.5069 0.9309 1.1403 0.9963 0.9840 1.0430 1.0275 0.9765
deleterious selection threshold   = 8.164E-03
deleterious fraction unselectable = 0.989

generation =       430  population size =  1000  frac recessive = 0.0000
before sel: geno fitness =  0.72923  geno s.d. = 0.04019  pheno s.d. = 0.10312
after  sel:                 0.73343              0.03477               0.09827
before sel geno-pheno corr = 0.3915    after sel geno-pheno corr  =    0.3641
del mutn/indiv =  4289  tracked del/ind =  4289  fav mutn/indiv   =    1.7370


generation =       440  population size =  1000  frac recessive = 0.0000
before sel: geno fitness =  0.72046  geno s.d. = 0.03875  pheno s.d. = 0.10078
after  sel:                 0.72235              0.03794               0.09670
before sel geno-pheno corr = 0.4106    after sel geno-pheno corr  =    0.4202
del mutn/indiv =  4395  tracked del/ind =  4395  fav mutn/indiv   =    1.7640

              Fraction of mutations retained versus fitness effect
 effect:  4.E-01  5.E-02  8.E-03  1.E-03  2.E-04  2.E-05  3.E-06  4.E-07  6.E-08  9.E-09
 domint: 0.0098 0.0856 0.5153 0.9397 1.1417 1.0033 0.9854 1.0437 1.0261 0.9799
deleterious selection threshold   = 8.474E-03
deleterious fraction unselectable = 0.989

generation =       450  population size =  1000  frac recessive = 0.0000
before sel: geno fitness =  0.71851  geno s.d. = 0.03635  pheno s.d. = 0.09512
after  sel:                 0.71939              0.03624               0.09317
before sel geno-pheno corr = 0.3907    after sel geno-pheno corr  =    0.3824
del mutn/indiv =  4496  tracked del/ind =  4496  fav mutn/indiv   =    1.7880


generation =       460  population size =  1000  frac recessive = 0.0000
before sel: geno fitness =  0.70704  geno s.d. = 0.03979  pheno s.d. = 0.09862
after  sel:                 0.70832              0.03954               0.09669
before sel geno-pheno corr = 0.4087    after sel geno-pheno corr  =    0.3856
del mutn/indiv =  4593  tracked del/ind =  4593  fav mutn/indiv   =    1.7430

              Fraction of mutations retained versus fitness effect
 effect:  4.E-01  5.E-02  8.E-03  1.E-03  2.E-04  2.E-05  3.E-06  4.E-07  6.E-08  9.E-09
 domint: 0.0066 0.0871 0.5177 0.9477 1.1292 0.9992 0.9872 1.0466 1.0232 0.9797
deleterious selection threshold   = 8.564E-03
deleterious fraction unselectable = 0.990

generation =       470  population size =  1000  frac recessive = 0.0000
before sel: geno fitness =  0.70391  geno s.d. = 0.04396  pheno s.d. = 0.11037
after  sel:                 0.70514              0.04295               0.10988
before sel geno-pheno corr = 0.4036    after sel geno-pheno corr  =    0.4111
del mutn/indiv =  4702  tracked del/ind =  4702  fav mutn/indiv   =    1.8770


generation =       480  population size =  1000  frac recessive = 0.0000
before sel: geno fitness =  0.70476  geno s.d. = 0.04164  pheno s.d. = 0.10594
after  sel:                 0.70696              0.03947               0.10597
before sel geno-pheno corr = 0.3931    after sel geno-pheno corr  =    0.3520
del mutn/indiv =  4807  tracked del/ind =  4807  fav mutn/indiv   =    1.8440

              Fraction of mutations retained versus fitness effect
 effect:  4.E-01  5.E-02  8.E-03  1.E-03  2.E-04  2.E-05  3.E-06  4.E-07  6.E-08  9.E-09
 domint: 0.0025 0.0742 0.5238 0.9440 1.1179 1.0047 0.9973 1.0408 1.0248 0.9849
deleterious selection threshold   = 8.474E-03
deleterious fraction unselectable = 0.989

generation =       490  population size =  1000  frac recessive = 0.0000
before sel: geno fitness =  0.69986  geno s.d. = 0.04456  pheno s.d. = 0.11057
after  sel:                 0.70265              0.04273               0.10821
before sel geno-pheno corr = 0.4160    after sel geno-pheno corr  =    0.4041
del mutn/indiv =  4925  tracked del/ind =  4925  fav mutn/indiv   =    1.9840


generation =       500  population size =  1000  frac recessive = 0.0000
before sel: geno fitness =  0.70019  geno s.d. = 0.04247  pheno s.d. = 0.10798
after  sel:                 0.70163              0.04107               0.10557
before sel geno-pheno corr = 0.3725    after sel geno-pheno corr  =    0.3563
del mutn/indiv =  5036  tracked del/ind =  5036  fav mutn/indiv   =    2.0420

              Fraction of mutations retained versus fitness effect
 effect:  4.E-01  5.E-02  8.E-03  1.E-03  2.E-04  2.E-05  3.E-06  4.E-07  6.E-08  9.E-09
 domint: 0.0096 0.0654 0.5220 0.9506 1.1066 1.0159 1.0062 1.0393 1.0335 0.9888
deleterious selection threshold   = 8.339E-03
deleterious fraction unselectable = 0.989

            Allele summary statistics (tracked mutations only):
    (Statistics are based on      5036716 tracked deleterious mutations
                                     2042 tracked   favorable mutations
                         and            0 tracked     neutral mutations.)
     Very rare   Polymorphic     Fixed      Total
       (0-1%)      (1-99%)      (100%)
        80670       26595           0      107265 deleterious
            7           4           0          11 favorable
            0           0           0           0 neutral

          CPU SECONDS USED PER PROCESSOR:

          TOTAL         14.105

          PRIMARY SUBROUTINES (ms/gen/proc):

          migration             0.000
          offspring             0.053
          selection             0.015

          AUXILIARY ROUTINES (ms/gen/proc):

          mutn statistics       0.011
          allele statistics     0.004
          read_restart_dump     0.000
          write_output_dump     0.000
          write_sample          0.000
          back_mutn             0.000

